<?xml version="1.0" encoding="UTF-8"?>
<!-- Generated by org.testng.reporters.JUnitReportReporter -->
<testsuite hostname="DESKTOP-V7BV2H2" failures="0" tests="1" name="RestAssuredTesting.Test_DeleteMethod" time="3.302" errors="0" timestamp="2024-05-27T20:42:14 IST" skipped="0">
  <testcase classname="RestAssuredTesting.Test_DeleteMethod" name="test3" time="3.302"/>
  <system-out/>
</testsuite> <!-- RestAssuredTesting.Test_DeleteMethod -->
