<?xml version="1.0" encoding="UTF-8"?>
<!-- Generated by org.testng.reporters.JUnitReportReporter -->
<testsuite hostname="DESKTOP-V7BV2H2" failures="0" tests="1" name="RestAssuredTesting.DigestAuthentication" time="3.910" errors="0" timestamp="2024-05-28T16:25:59 IST" skipped="0">
  <testcase classname="RestAssuredTesting.DigestAuthentication" name="Basicauth" time="3.910"/>
  <system-out/>
</testsuite> <!-- RestAssuredTesting.DigestAuthentication -->
