<?xml version="1.0" encoding="UTF-8"?>
<!-- Generated by org.testng.reporters.JUnitReportReporter -->
<testsuite hostname="DESKTOP-V7BV2H2" failures="0" tests="1" name="RestAssuredTesting.AuthorizationPutDemo" time="5.079" errors="0" timestamp="2024-05-27T23:24:58 IST" skipped="0">
  <testcase classname="RestAssuredTesting.AuthorizationPutDemo" name="Bearertoken" time="5.079"/>
  <system-out/>
</testsuite> <!-- RestAssuredTesting.AuthorizationPutDemo -->
