<?xml version="1.0" encoding="UTF-8"?>
<!-- Generated by org.testng.reporters.JUnitReportReporter -->
<testsuite hostname="DESKTOP-V7BV2H2" failures="0" tests="4" name="api.testcases.UserTest" time="14.527" errors="0" timestamp="2024-06-01T13:53:23 IST" skipped="0">
  <testcase classname="api.testcases.UserTest" name="testcreatemethod" time="7.941"/>
  <system-out/>
  <testcase classname="api.testcases.UserTest" name="getuserdata" time="1.722"/>
  <system-out/>
  <testcase classname="api.testcases.UserTest" name="updateuserdata" time="3.334"/>
  <system-out/>
  <testcase classname="api.testcases.UserTest" name="Deleteuserdata" time="1.530"/>
  <system-out/>
</testsuite> <!-- api.testcases.UserTest -->
