<?xml version="1.0" encoding="UTF-8"?>
<!-- Generated by org.testng.reporters.JUnitReportReporter -->
<testsuite hostname="DESKTOP-V7BV2H2" failures="0" tests="18" name="api.testcases.UserTestDD" time="34.235" errors="0" timestamp="2024-05-31T16:13:53 IST" skipped="0">
  <testcase classname="api.testcases.UserTestDD" name="testCreateUser" time="6.318"/>
  <system-out/>
  <testcase classname="api.testcases.UserTestDD" name="testCreateUser" time="1.682"/>
  <system-out/>
  <testcase classname="api.testcases.UserTestDD" name="testCreateUser" time="1.560"/>
  <system-out/>
  <testcase classname="api.testcases.UserTestDD" name="testCreateUser" time="1.698"/>
  <system-out/>
  <testcase classname="api.testcases.UserTestDD" name="testCreateUser" time="1.699"/>
  <system-out/>
  <testcase classname="api.testcases.UserTestDD" name="testCreateUser" time="1.617"/>
  <system-out/>
  <testcase classname="api.testcases.UserTestDD" name="testGetUserData" time="1.590"/>
  <system-out/>
  <testcase classname="api.testcases.UserTestDD" name="testGetUserData" time="1.641"/>
  <system-out/>
  <testcase classname="api.testcases.UserTestDD" name="testGetUserData" time="1.593"/>
  <system-out/>
  <testcase classname="api.testcases.UserTestDD" name="testGetUserData" time="1.618"/>
  <system-out/>
  <testcase classname="api.testcases.UserTestDD" name="testGetUserData" time="1.666"/>
  <system-out/>
  <testcase classname="api.testcases.UserTestDD" name="testGetUserData" time="1.677"/>
  <system-out/>
  <testcase classname="api.testcases.UserTestDD" name="TestDeleteData" time="1.686"/>
  <system-out/>
  <testcase classname="api.testcases.UserTestDD" name="TestDeleteData" time="1.679"/>
  <system-out/>
  <testcase classname="api.testcases.UserTestDD" name="TestDeleteData" time="1.597"/>
  <system-out/>
  <testcase classname="api.testcases.UserTestDD" name="TestDeleteData" time="1.679"/>
  <system-out/>
  <testcase classname="api.testcases.UserTestDD" name="TestDeleteData" time="1.564"/>
  <system-out/>
  <testcase classname="api.testcases.UserTestDD" name="TestDeleteData" time="1.671"/>
  <system-out/>
</testsuite> <!-- api.testcases.UserTestDD -->
