<?xml version="1.0" encoding="UTF-8"?>
<!-- Generated by org.testng.reporters.JUnitReportReporter -->
<testsuite hostname="DESKTOP-V7BV2H2" failures="0" tests="1" name="RestAssuredTesting.Test_PutMethod" time="2.700" errors="0" timestamp="2024-05-27T20:36:36 IST" skipped="0">
  <testcase classname="RestAssuredTesting.Test_PutMethod" name="test3" time="2.700"/>
  <system-out/>
</testsuite> <!-- RestAssuredTesting.Test_PutMethod -->
