<?xml version="1.0" encoding="UTF-8"?>
<!-- Generated by org.testng.reporters.JUnitReportReporter -->
<testsuite hostname="DESKTOP-V7BV2H2" failures="0" tests="1" name="RestAssuredTesting.BasicAuthAuthentication" time="6.506" errors="0" timestamp="2024-05-27T23:55:23 IST" skipped="0">
  <testcase classname="RestAssuredTesting.BasicAuthAuthentication" name="Basicauthmethod" time="6.506"/>
  <system-out/>
</testsuite> <!-- RestAssuredTesting.BasicAuthAuthentication -->
