<?xml version="1.0" encoding="UTF-8"?>
<!-- Generated by org.testng.reporters.JUnitReportReporter -->
<testsuite hostname="DESKTOP-V7BV2H2" failures="0" tests="2" name="RestAssuredTesting.Test_GetMethod" time="6.004" errors="0" timestamp="2024-05-26T23:29:27 IST" skipped="0">
  <testcase classname="RestAssuredTesting.Test_GetMethod" name="test01" time="4.186"/>
  <system-out/>
  <testcase classname="RestAssuredTesting.Test_GetMethod" name="test2" time="1.818"/>
  <system-out/>
</testsuite> <!-- RestAssuredTesting.Test_GetMethod -->
