<?xml version="1.0" encoding="UTF-8"?>
<!-- Generated by org.testng.reporters.JUnitReportReporter -->
<testsuite hostname="DESKTOP-V7BV2H2" failures="0" tests="1" name="RestAssuredTesting.Test_PatchMethod" time="2.808" errors="0" timestamp="2024-05-27T20:38:13 IST" skipped="0">
  <testcase classname="RestAssuredTesting.Test_PatchMethod" name="test3" time="2.808"/>
  <system-out/>
</testsuite> <!-- RestAssuredTesting.Test_PatchMethod -->
