<?xml version="1.0" encoding="UTF-8"?>
<!-- Generated by org.testng.reporters.JUnitReportReporter -->
<testsuite hostname="DESKTOP-V7BV2H2" failures="0" tests="1" name="RestAssuredTesting.Test_PostMethod" time="3.393" errors="0" timestamp="2024-05-26T23:52:57 IST" skipped="0">
  <testcase classname="RestAssuredTesting.Test_PostMethod" name="test3" time="3.393"/>
  <system-out/>
</testsuite> <!-- RestAssuredTesting.Test_PostMethod -->
