<?xml version="1.0" encoding="UTF-8"?>
<!-- Generated by org.testng.reporters.JUnitReportReporter -->
<testsuite hostname="DESKTOP-V7BV2H2" failures="0" tests="1" name="RestAssuredTesting.BasicAuthorization" time="5.887" errors="0" timestamp="2024-05-28T16:22:33 IST" skipped="0">
  <testcase classname="RestAssuredTesting.BasicAuthorization" name="Basicauth" time="5.887"/>
  <system-out/>
</testsuite> <!-- RestAssuredTesting.BasicAuthorization -->
