<?xml version="1.0" encoding="UTF-8"?>
<!-- Generated by org.testng.reporters.JUnitReportReporter -->
<testsuite hostname="DESKTOP-V7BV2H2" failures="0" tests="1" name="RestAssuredTesting.AuthorizationDemo" time="2.846" errors="0" timestamp="2024-05-27T22:38:18 IST" skipped="0">
  <testcase classname="RestAssuredTesting.AuthorizationDemo" name="Bearertoken" time="2.846"/>
  <system-out/>
</testsuite> <!-- RestAssuredTesting.AuthorizationDemo -->
