<?xml version="1.0" encoding="UTF-8"?>
<!-- Generated by org.testng.reporters.JUnitReportReporter -->
<testsuite hostname="DESKTOP-V7BV2H2" failures="0" tests="1" name="RestAssuredTesting.BasicPostAuthorization" time="7.441" errors="0" timestamp="2024-05-28T18:57:08 IST" skipped="0">
  <testcase classname="RestAssuredTesting.BasicPostAuthorization" name="Basicauth" time="7.441"/>
  <system-out/>
</testsuite> <!-- RestAssuredTesting.BasicPostAuthorization -->
